0 info it worked if it ends with ok
1 verbose cli [ '/usr/bin/nodejs', '/usr/local/bin/npm', 'run-script', 'build' ]
2 info using npm@3.10.9
3 info using node@v4.6.1
4 verbose run-script [ 'prebuild', 'build', 'postbuild' ]
5 info lifecycle ctrl-frontend@0.0.1~prebuild: ctrl-frontend@0.0.1
6 silly lifecycle ctrl-frontend@0.0.1~prebuild: no script for prebuild, continuing
7 info lifecycle ctrl-frontend@0.0.1~build: ctrl-frontend@0.0.1
8 verbose lifecycle ctrl-frontend@0.0.1~build: unsafe-perm in lifecycle true
9 verbose lifecycle ctrl-frontend@0.0.1~build: PATH: /usr/local/lib/node_modules/npm/bin/node-gyp-bin:/home/viaware/Documents/git/media-centre/ctrl-server/frontend/node_modules/.bin:/usr/local/sbin:/usr/local/bin:/usr/sbin:/usr/bin:/sbin:/bin:/usr/games:/usr/local/games:/home/viaware/Documents/git/depot_tools
10 verbose lifecycle ctrl-frontend@0.0.1~build: CWD: /home/viaware/Documents/git/media-centre/ctrl-server/frontend
11 silly lifecycle ctrl-frontend@0.0.1~build: Args: [ '-c', 'browserify -t stringify app/main.js -o app.js' ]
12 silly lifecycle ctrl-frontend@0.0.1~build: Returned: code: 1  signal: null
13 info lifecycle ctrl-frontend@0.0.1~build: Failed to exec build script
14 verbose stack Error: ctrl-frontend@0.0.1 build: `browserify -t stringify app/main.js -o app.js`
14 verbose stack Exit status 1
14 verbose stack     at EventEmitter.<anonymous> (/usr/local/lib/node_modules/npm/lib/utils/lifecycle.js:255:16)
14 verbose stack     at emitTwo (events.js:87:13)
14 verbose stack     at EventEmitter.emit (events.js:172:7)
14 verbose stack     at ChildProcess.<anonymous> (/usr/local/lib/node_modules/npm/lib/utils/spawn.js:40:14)
14 verbose stack     at emitTwo (events.js:87:13)
14 verbose stack     at ChildProcess.emit (events.js:172:7)
14 verbose stack     at maybeClose (internal/child_process.js:829:16)
14 verbose stack     at Process.ChildProcess._handle.onexit (internal/child_process.js:211:5)
15 verbose pkgid ctrl-frontend@0.0.1
16 verbose cwd /home/viaware/Documents/git/media-centre/ctrl-server/frontend/app
17 error Linux 3.13.0-37-generic
18 error argv "/usr/bin/nodejs" "/usr/local/bin/npm" "run-script" "build"
19 error node v4.6.1
20 error npm  v3.10.9
21 error code ELIFECYCLE
22 error ctrl-frontend@0.0.1 build: `browserify -t stringify app/main.js -o app.js`
22 error Exit status 1
23 error Failed at the ctrl-frontend@0.0.1 build script 'browserify -t stringify app/main.js -o app.js'.
23 error Make sure you have the latest version of node.js and npm installed.
23 error If you do, this is most likely a problem with the ctrl-frontend package,
23 error not with npm itself.
23 error Tell the author that this fails on your system:
23 error     browserify -t stringify app/main.js -o app.js
23 error You can get information on how to open an issue for this project with:
23 error     npm bugs ctrl-frontend
23 error Or if that isn't available, you can get their info via:
23 error     npm owner ls ctrl-frontend
23 error There is likely additional logging output above.
24 verbose exit [ 1, true ]
